{
  "RSpec": {
    "coverage": {
      "/Users/anmolbhati/Projects/Battle/app.rb": {
        "lines": [
          1,
          1,
          null,
          0,
          0,
          null,
          null,
          null,
          null,
          null,
          0,
          0,
          null,
          null,
          0,
          0,
          0,
          0,
          null,
          null,
          0,
          0,
          0,
          0,
          null,
          null,
          0,
          null
        ]
      }
    },
    "timestamp": 1633530027
  }
}
